<?xml version="1.0" encoding="UTF-8"?>
<testng-results ignored="0" total="1" passed="1" failed="0" skipped="0">
  <reporter-output>
  </reporter-output>
  <suite started-at="2022-10-17T18:46:03 IST" name="Default suite" finished-at="2022-10-17T18:46:32 IST" duration-ms="28605">
    <groups>
    </groups>
    <test started-at="2022-10-17T18:46:03 IST" name="Default test" finished-at="2022-10-17T18:46:32 IST" duration-ms="28605">
      <class name="scripts.Testcase3">
        <test-method is-config="true" signature="openApp()[pri:0, instance:scripts.Testcase3@a9cd3b1]" started-at="2022-10-17T18:46:03 IST" name="openApp" finished-at="2022-10-17T18:46:09 IST" duration-ms="6266" status="PASS">
          <reporter-output>
          </reporter-output>
        </test-method> <!-- openApp -->
        <test-method signature="tc3()[pri:0, instance:scripts.Testcase3@a9cd3b1]" started-at="2022-10-17T18:46:09 IST" name="tc3" finished-at="2022-10-17T18:46:31 IST" duration-ms="21839" status="PASS">
          <reporter-output>
          </reporter-output>
        </test-method> <!-- tc3 -->
        <test-method is-config="true" signature="closeApp()[pri:0, instance:scripts.Testcase3@a9cd3b1]" started-at="2022-10-17T18:46:31 IST" name="closeApp" finished-at="2022-10-17T18:46:32 IST" duration-ms="447" status="PASS">
          <reporter-output>
          </reporter-output>
        </test-method> <!-- closeApp -->
      </class> <!-- scripts.Testcase3 -->
    </test> <!-- Default test -->
  </suite> <!-- Default suite -->
</testng-results>
